#
# A fatal error has been detected by the Java Runtime Environment:
#
#  EXCEPTION_ACCESS_VIOLATION (0xc0000005) at pc=0x0000000068fd8f45, pid=4068, tid=7084
#
# JRE version: Java(TM) SE Runtime Environment (8.0_91-b15) (build 1.8.0_91-b15)
# Java VM: Java HotSpot(TM) 64-Bit Server VM (25.91-b15 mixed mode windows-amd64 compressed oops)
# Problematic frame:
# V  [jvm.dll+0x128f45]
#
# Failed to write core dump. Minidumps are not enabled by default on client versions of Windows
#
# If you would like to submit a bug report, please visit:
#   http://bugreport.java.com/bugreport/crash.jsp
#

---------------  T H R E A D  ---------------

Current thread (0x000000001711c000):  JavaThread "JDWP Transport Listener: dt_socket" daemon [_thread_in_vm, id=7084, stack(0x0000000018a30000,0x0000000018b30000)]

siginfo: ExceptionCode=0xc0000005, reading address 0x0000003b003b7265

Registers:
RAX=0x0000000018b2f001, RBX=0x000000001711c000, RCX=0x0000003b003b7265, RDX=0x0000000000000000
RSP=0x0000000018b2efe0, RBP=0x0000003b003b7265, RSI=0x0000000018b2f0f8, RDI=0x00000000022edd40
R8 =0x000000001711c000, R9 =0x0000000000008000, R10=0x0000000000000000, R11=0x00000000206b516d
R12=0x0000000000000000, R13=0x0000000017126cb8, R14=0x0000000000000000, R15=0x0000000000000000
RIP=0x0000000068fd8f45, EFLAGS=0x0000000000010206

Top of Stack: (sp=0x0000000018b2efe0)
0x0000000018b2efe0:   000000001711c000 000000001711c000
0x0000000018b2eff0:   0000000018b2f0a8 00000000691df32b
0x0000000018b2f000:   000000001711c000 00000000691fbb8d
0x0000000018b2f010:   0000000000000000 0000000068d89155
0x0000000018b2f020:   000000001b2477a0 0000000068d9291e
0x0000000018b2f030:   000000001711c000 0000000000000000
0x0000000018b2f040:   0000000000000000 0000000000000000
0x0000000018b2f050:   0000003b003b7265 0000000068d91a15
0x0000000018b2f060:   0000000018b2f0f8 0000000018b2f0d0
0x0000000018b2f070:   0000000000000001 000000001b2477a0
0x0000000018b2f080:   0000003b003b7265 0000000068d753b3
0x0000000018b2f090:   0000000018b2f1c0 0000000000000001
0x0000000018b2f0a0:   0000000000000001 000000001b2477a0
0x0000000018b2f0b0:   0000000000000001 0000000000000000
0x0000000018b2f0c0:   0000000000000000 0000000000000000
0x0000000018b2f0d0:   0000000000000001 0000000068d75571 

Instructions: (pc=0x0000000068fd8f45)
0x0000000068fd8f25:   cc cc cc cc cc cc cc cc cc cc cc 48 83 ec 28 48
0x0000000068fd8f35:   85 c9 75 07 33 c0 48 83 c4 28 c3 48 89 5c 24 20
0x0000000068fd8f45:   48 8b 19 48 85 db 74 20 48 83 fb 37 74 1a 48 8b
0x0000000068fd8f55:   13 48 8b cb ff 52 10 84 c0 74 0d 48 8b c3 48 8b 


Register to memory mapping:

RAX=0x0000000018b2f001 is pointing into the stack for thread: 0x000000001711c000
RBX=0x000000001711c000 is a thread
RCX=0x0000003b003b7265 is an unknown value
RDX=0x0000000000000000 is an unknown value
RSP=0x0000000018b2efe0 is pointing into the stack for thread: 0x000000001711c000
RBP=0x0000003b003b7265 is an unknown value
RSI=0x0000000018b2f0f8 is pointing into the stack for thread: 0x000000001711c000
RDI=0x00000000022edd40 is an unknown value
R8 =0x000000001711c000 is a thread
R9 =0x0000000000008000 is an unknown value
R10=0x0000000000000000 is an unknown value
R11=0x00000000206b516d is an unknown value
R12=0x0000000000000000 is an unknown value
R13=0x0000000017126cb8 is an unknown value
R14=0x0000000000000000 is an unknown value
R15=0x0000000000000000 is an unknown value


Stack: [0x0000000018a30000,0x0000000018b30000],  sp=0x0000000018b2efe0,  free space=1019k
Native frames: (J=compiled Java code, j=interpreted, Vv=VM code, C=native code)
V  [jvm.dll+0x128f45]
V  [jvm.dll+0x34bb8d]
C  [jdwp.dll+0x21a15]
C  [jdwp.dll+0x53b3]
C  [jdwp.dll+0x5571]
C  [jdwp.dll+0xf0a8]
C  [jdwp.dll+0x1f2d5]
C  [jdwp.dll+0x1f4aa]
V  [jvm.dll+0x1bbf38]
V  [jvm.dll+0x243ae4]
V  [jvm.dll+0x29a99a]
C  [msvcr100.dll+0x21d9f]
C  [msvcr100.dll+0x21e3b]
C  [KERNEL32.DLL+0x16ad]
C  [ntdll.dll+0x154e4]


---------------  P R O C E S S  ---------------

Java Threads: ( => current thread )
  0x000000001acd5800 JavaThread "http-nio-8888-exec-2" daemon [_thread_blocked, id=4992, stack(0x000000001b6f0000,0x000000001b7f0000)]
  0x000000001acd8800 JavaThread "http-nio-8888-exec-1" daemon [_thread_blocked, id=10036, stack(0x000000001fc80000,0x000000001fd80000)]
  0x000000001acd4800 JavaThread "DestroyJavaVM" [_thread_blocked, id=10436, stack(0x00000000023b0000,0x00000000024b0000)]
  0x000000001acd7800 JavaThread "http-nio-8888-Acceptor-0" daemon [_thread_in_native, id=10392, stack(0x0000000023af0000,0x0000000023bf0000)]
  0x000000001acd7000 JavaThread "http-nio-8888-ClientPoller-1" daemon [_thread_in_native, id=96, stack(0x00000000239f0000,0x0000000023af0000)]
  0x000000001acd6000 JavaThread "http-nio-8888-ClientPoller-0" daemon [_thread_in_native, id=8780, stack(0x00000000238f0000,0x00000000239f0000)]
  0x000000001acd4000 JavaThread "NioBlockingSelector.BlockPoller-1" daemon [_thread_in_native, id=10056, stack(0x00000000221b0000,0x00000000222b0000)]
  0x0000000019856800 JavaThread "Abandoned connection cleanup thread" daemon [_thread_blocked, id=3352, stack(0x000000001f9f0000,0x000000001faf0000)]
  0x000000001cff7800 JavaThread "Tomcat JDBC Pool Cleaner[414493378:1467030528674]" daemon [_thread_blocked, id=6072, stack(0x000000001f8f0000,0x000000001f9f0000)]
  0x00000000199b8000 JavaThread "container-0" [_thread_blocked, id=10500, stack(0x000000001fb80000,0x000000001fc80000)]
  0x000000001c19c800 JavaThread "ContainerBackgroundProcessor[StandardEngine[Tomcat].StandardHost[localhost].StandardContext[]]" daemon [_thread_blocked, id=1696, stack(0x000000001cd50000,0x000000001ce50000)]
  0x00000000197d8000 JavaThread "RMI TCP Accept-0" daemon [_thread_in_native, id=9424, stack(0x0000000019f30000,0x000000001a030000)]
  0x0000000019750800 JavaThread "RMI TCP Accept-64111" daemon [_thread_in_native, id=10864, stack(0x0000000019e30000,0x0000000019f30000)]
  0x00000000196d2000 JavaThread "RMI TCP Accept-0" daemon [_thread_in_native, id=4640, stack(0x0000000019d30000,0x0000000019e30000)]
  0x0000000019086000 JavaThread "Service Thread" daemon [_thread_blocked, id=3684, stack(0x0000000019430000,0x0000000019530000)]
  0x0000000017144000 JavaThread "C1 CompilerThread2" daemon [_thread_blocked, id=9276, stack(0x0000000018f30000,0x0000000019030000)]
  0x000000001713f000 JavaThread "C2 CompilerThread1" daemon [_thread_blocked, id=6552, stack(0x0000000018e30000,0x0000000018f30000)]
  0x000000001713e000 JavaThread "C2 CompilerThread0" daemon [_thread_blocked, id=10384, stack(0x0000000018d30000,0x0000000018e30000)]
  0x000000001712f000 JavaThread "JDWP Command Reader" daemon [_thread_in_native, id=952, stack(0x0000000018c30000,0x0000000018d30000)]
  0x000000001712d800 JavaThread "JDWP Event Helper Thread" daemon [_thread_blocked, id=6224, stack(0x0000000018b30000,0x0000000018c30000)]
=>0x000000001711c000 JavaThread "JDWP Transport Listener: dt_socket" daemon [_thread_in_vm, id=7084, stack(0x0000000018a30000,0x0000000018b30000)]
  0x0000000017111800 JavaThread "Attach Listener" daemon [_thread_blocked, id=10268, stack(0x0000000018650000,0x0000000018750000)]
  0x0000000017110000 JavaThread "Signal Dispatcher" daemon [_thread_blocked, id=6816, stack(0x0000000018550000,0x0000000018650000)]
  0x00000000170fa800 JavaThread "Finalizer" daemon [_thread_blocked, id=7228, stack(0x0000000018370000,0x0000000018470000)]
  0x00000000170d9000 JavaThread "Reference Handler" daemon [_thread_blocked, id=3344, stack(0x0000000018270000,0x0000000018370000)]

Other Threads:
  0x00000000170d7000 VMThread [stack: 0x0000000018170000,0x0000000018270000] [id=2616]
  0x00000000197da800 WatcherThread [stack: 0x000000001a030000,0x000000001a130000] [id=4960]

VM state:not at safepoint (normal execution)

VM Mutex/Monitor currently owned by a thread: None

Heap:
 PSYoungGen      total 211968K, used 149063K [0x00000000d5d00000, 0x00000000e3f80000, 0x0000000100000000)
  eden space 201216K, 74% used [0x00000000d5d00000,0x00000000dee91ce0,0x00000000e2180000)
  from space 10752K, 0% used [0x00000000e2f80000,0x00000000e2f80000,0x00000000e3a00000)
  to   space 14336K, 0% used [0x00000000e2180000,0x00000000e2180000,0x00000000e2f80000)
 ParOldGen       total 100352K, used 22559K [0x0000000081600000, 0x0000000087800000, 0x00000000d5d00000)
  object space 100352K, 22% used [0x0000000081600000,0x0000000082c07ec8,0x0000000087800000)
 Metaspace       used 44779K, capacity 45074K, committed 45480K, reserved 1089536K
  class space    used 5721K, capacity 5797K, committed 5800K, reserved 1048576K

Card table byte_map: [0x0000000011970000,0x0000000011d70000] byte_map_base: 0x0000000011565000

Marking Bits: (ParMarkBitMap*) 0x00000000696c2f70
 Begin Bits: [0x0000000012420000, 0x00000000143c8000)
 End Bits:   [0x00000000143c8000, 0x0000000016370000)

Polling page: 0x0000000002220000

CodeCache: size=245760Kb used=13586Kb max_used=13772Kb free=232173Kb
 bounds [0x00000000025b0000, 0x0000000003360000, 0x00000000115b0000]
 total_blobs=3922 nmethods=3411 adapters=431
 compilation: enabled

Compilation events (10 events):
Event: 282.110 Thread 0x0000000017144000 4091       1       com.mysql.jdbc.ConnectionPropertiesImpl::getHighAvailability (5 bytes)
Event: 282.110 Thread 0x0000000017144000 nmethod 4091 0x00000000027bc450 code [0x00000000027bc5a0, 0x00000000027bc6b0]
Event: 282.111 Thread 0x0000000017144000 4092       3       com.mysql.jdbc.StringUtils::startsWithIgnoreCaseAndWs (51 bytes)
Event: 282.112 Thread 0x0000000017144000 nmethod 4092 0x000000000284de50 code [0x000000000284e040, 0x000000000284ea58]
Event: 282.113 Thread 0x0000000017144000 4093       3       com.mysql.jdbc.StringUtils::startsWithIgnoreCaseAndWs (7 bytes)
Event: 282.113 Thread 0x0000000017144000 nmethod 4093 0x000000000296fd50 code [0x000000000296fec0, 0x0000000002970048]
Event: 282.114 Thread 0x0000000017144000 4094       1       com.mysql.jdbc.MysqlIO::getExceptionInterceptor (5 bytes)
Event: 282.114 Thread 0x0000000017144000 nmethod 4094 0x000000000284db50 code [0x000000000284dca0, 0x000000000284ddb0]
Event: 287.111 Thread 0x0000000017144000 4095       3       com.mysql.jdbc.RowDataStatic::size (10 bytes)
Event: 287.111 Thread 0x0000000017144000 nmethod 4095 0x00000000028a1c90 code [0x00000000028a1e00, 0x00000000028a2028]

GC Heap History (10 events):
Event: 4.795 GC heap before
{Heap before GC invocations=6 (full 0):
 PSYoungGen      total 71680K, used 22101K [0x00000000d5d00000, 0x00000000def00000, 0x0000000100000000)
  eden space 66560K, 25% used [0x00000000d5d00000,0x00000000d6d9bc98,0x00000000d9e00000)
  from space 5120K, 99% used [0x00000000d9e00000,0x00000000da2f98a8,0x00000000da300000)
  to   space 8192K, 0% used [0x00000000de700000,0x00000000de700000,0x00000000def00000)
 ParOldGen       total 87552K, used 4664K [0x0000000081600000, 0x0000000086b80000, 0x00000000d5d00000)
  object space 87552K, 5% used [0x0000000081600000,0x0000000081a8e278,0x0000000086b80000)
 Metaspace       used 21060K, capacity 21146K, committed 21296K, reserved 1069056K
  class space    used 2608K, capacity 2635K, committed 2688K, reserved 1048576K
Event: 4.809 GC heap after
Heap after GC invocations=6 (full 0):
 PSYoungGen      total 140800K, used 7166K [0x00000000d5d00000, 0x00000000df000000, 0x0000000100000000)
  eden space 132608K, 0% used [0x00000000d5d00000,0x00000000d5d00000,0x00000000dde80000)
  from space 8192K, 87% used [0x00000000de700000,0x00000000dedffb48,0x00000000def00000)
  to   space 8704K, 0% used [0x00000000dde80000,0x00000000dde80000,0x00000000de700000)
 ParOldGen       total 87552K, used 4736K [0x0000000081600000, 0x0000000086b80000, 0x00000000d5d00000)
  object space 87552K, 5% used [0x0000000081600000,0x0000000081aa0288,0x0000000086b80000)
 Metaspace       used 21060K, capacity 21146K, committed 21296K, reserved 1069056K
  class space    used 2608K, capacity 2635K, committed 2688K, reserved 1048576K
}
Event: 4.809 GC heap before
{Heap before GC invocations=7 (full 1):
 PSYoungGen      total 140800K, used 7166K [0x00000000d5d00000, 0x00000000df000000, 0x0000000100000000)
  eden space 132608K, 0% used [0x00000000d5d00000,0x00000000d5d00000,0x00000000dde80000)
  from space 8192K, 87% used [0x00000000de700000,0x00000000dedffb48,0x00000000def00000)
  to   space 8704K, 0% used [0x00000000dde80000,0x00000000dde80000,0x00000000de700000)
 ParOldGen       total 87552K, used 4736K [0x0000000081600000, 0x0000000086b80000, 0x00000000d5d00000)
  object space 87552K, 5% used [0x0000000081600000,0x0000000081aa0288,0x0000000086b80000)
 Metaspace       used 21060K, capacity 21146K, committed 21296K, reserved 1069056K
  class space    used 2608K, capacity 2635K, committed 2688K, reserved 1048576K
Event: 4.875 GC heap after
Heap after GC invocations=7 (full 1):
 PSYoungGen      total 140800K, used 0K [0x00000000d5d00000, 0x00000000df000000, 0x0000000100000000)
  eden space 132608K, 0% used [0x00000000d5d00000,0x00000000d5d00000,0x00000000dde80000)
  from space 8192K, 0% used [0x00000000de700000,0x00000000de700000,0x00000000def00000)
  to   space 8704K, 0% used [0x00000000dde80000,0x00000000dde80000,0x00000000de700000)
 ParOldGen       total 58368K, used 7901K [0x0000000081600000, 0x0000000084f00000, 0x00000000d5d00000)
  object space 58368K, 13% used [0x0000000081600000,0x0000000081db7560,0x0000000084f00000)
 Metaspace       used 21060K, capacity 21146K, committed 21296K, reserved 1069056K
  class space    used 2608K, capacity 2635K, committed 2688K, reserved 1048576K
}
Event: 6.952 GC heap before
{Heap before GC invocations=8 (full 1):
 PSYoungGen      total 140800K, used 132608K [0x00000000d5d00000, 0x00000000df000000, 0x0000000100000000)
  eden space 132608K, 100% used [0x00000000d5d00000,0x00000000dde80000,0x00000000dde80000)
  from space 8192K, 0% used [0x00000000de700000,0x00000000de700000,0x00000000def00000)
  to   space 8704K, 0% used [0x00000000dde80000,0x00000000dde80000,0x00000000de700000)
 ParOldGen       total 58368K, used 7901K [0x0000000081600000, 0x0000000084f00000, 0x00000000d5d00000)
  object space 58368K, 13% used [0x0000000081600000,0x0000000081db7560,0x0000000084f00000)
 Metaspace       used 26533K, capacity 26730K, committed 26880K, reserved 1073152K
  class space    used 3252K, capacity 3299K, committed 3328K, reserved 1048576K
Event: 6.973 GC heap after
Heap after GC invocations=8 (full 1):
 PSYoungGen      total 141312K, used 8702K [0x00000000d5d00000, 0x00000000e3a00000, 0x0000000100000000)
  eden space 132608K, 0% used [0x00000000d5d00000,0x00000000d5d00000,0x00000000dde80000)
  from space 8704K, 99% used [0x00000000dde80000,0x00000000de6ffb08,0x00000000de700000)
  to   space 10752K, 0% used [0x00000000e2f80000,0x00000000e2f80000,0x00000000e3a00000)
 ParOldGen       total 58368K, used 10618K [0x0000000081600000, 0x0000000084f00000, 0x00000000d5d00000)
  object space 58368K, 18% used [0x0000000081600000,0x000000008205ebe8,0x0000000084f00000)
 Metaspace       used 26533K, capacity 26730K, committed 26880K, reserved 1073152K
  class space    used 3252K, capacity 3299K, committed 3328K, reserved 1048576K
}
Event: 8.556 GC heap before
{Heap before GC invocations=9 (full 1):
 PSYoungGen      total 141312K, used 84282K [0x00000000d5d00000, 0x00000000e3a00000, 0x0000000100000000)
  eden space 132608K, 56% used [0x00000000d5d00000,0x00000000da6cee90,0x00000000dde80000)
  from space 8704K, 99% used [0x00000000dde80000,0x00000000de6ffb08,0x00000000de700000)
  to   space 10752K, 0% used [0x00000000e2f80000,0x00000000e2f80000,0x00000000e3a00000)
 ParOldGen       total 58368K, used 10618K [0x0000000081600000, 0x0000000084f00000, 0x00000000d5d00000)
  object space 58368K, 18% used [0x0000000081600000,0x000000008205ebe8,0x0000000084f00000)
 Metaspace       used 35073K, capacity 35326K, committed 35496K, reserved 1081344K
  class space    used 4421K, capacity 4517K, committed 4520K, reserved 1048576K
Event: 8.577 GC heap after
Heap after GC invocations=9 (full 1):
 PSYoungGen      total 211968K, used 10721K [0x00000000d5d00000, 0x00000000e3f80000, 0x0000000100000000)
  eden space 201216K, 0% used [0x00000000d5d00000,0x00000000d5d00000,0x00000000e2180000)
  from space 10752K, 99% used [0x00000000e2f80000,0x00000000e39f8740,0x00000000e3a00000)
  to   space 14336K, 0% used [0x00000000e2180000,0x00000000e2180000,0x00000000e2f80000)
 ParOldGen       total 58368K, used 16117K [0x0000000081600000, 0x0000000084f00000, 0x00000000d5d00000)
  object space 58368K, 27% used [0x0000000081600000,0x00000000825bd638,0x0000000084f00000)
 Metaspace       used 35073K, capacity 35326K, committed 35496K, reserved 1081344K
  class space    used 4421K, capacity 4517K, committed 4520K, reserved 1048576K
}
Event: 8.577 GC heap before
{Heap before GC invocations=10 (full 2):
 PSYoungGen      total 211968K, used 10721K [0x00000000d5d00000, 0x00000000e3f80000, 0x0000000100000000)
  eden space 201216K, 0% used [0x00000000d5d00000,0x00000000d5d00000,0x00000000e2180000)
  from space 10752K, 99% used [0x00000000e2f80000,0x00000000e39f8740,0x00000000e3a00000)
  to   space 14336K, 0% used [0x00000000e2180000,0x00000000e2180000,0x00000000e2f80000)
 ParOldGen       total 58368K, used 16117K [0x0000000081600000, 0x0000000084f00000, 0x00000000d5d00000)
  object space 58368K, 27% used [0x0000000081600000,0x00000000825bd638,0x0000000084f00000)
 Metaspace       used 35073K, capacity 35326K, committed 35496K, reserved 1081344K
  class space    used 4421K, capacity 4517K, committed 4520K, reserved 1048576K
Event: 8.650 GC heap after
Heap after GC invocations=10 (full 2):
 PSYoungGen      total 211968K, used 0K [0x00000000d5d00000, 0x00000000e3f80000, 0x0000000100000000)
  eden space 201216K, 0% used [0x00000000d5d00000,0x00000000d5d00000,0x00000000e2180000)
  from space 10752K, 0% used [0x00000000e2f80000,0x00000000e2f80000,0x00000000e3a00000)
  to   space 14336K, 0% used [0x00000000e2180000,0x00000000e2180000,0x00000000e2f80000)
 ParOldGen       total 100352K, used 22559K [0x0000000081600000, 0x0000000087800000, 0x00000000d5d00000)
  object space 100352K, 22% used [0x0000000081600000,0x0000000082c07ec8,0x0000000087800000)
 Metaspace       used 35073K, capacity 35326K, committed 35496K, reserved 1081344K
  class space    used 4421K, capacity 4517K, committed 4520K, reserved 1048576K
}

Deoptimization events (10 events):
Event: 131.404 Thread 0x000000001acd8800 Uncommon trap: reason=unhandled action=none pc=0x0000000002d88f54 method=java.net.URLClassLoader.findClass(Ljava/lang/String;)Ljava/lang/Class; @ 44
Event: 131.405 Thread 0x000000001acd8800 Uncommon trap: reason=unhandled action=none pc=0x0000000002d88f54 method=java.net.URLClassLoader.findClass(Ljava/lang/String;)Ljava/lang/Class; @ 44
Event: 131.406 Thread 0x000000001acd8800 Uncommon trap: reason=unhandled action=none pc=0x0000000002d88f54 method=java.net.URLClassLoader.findClass(Ljava/lang/String;)Ljava/lang/Class; @ 44
Event: 131.407 Thread 0x000000001acd8800 Uncommon trap: reason=unhandled action=none pc=0x0000000002d88f54 method=java.net.URLClassLoader.findClass(Ljava/lang/String;)Ljava/lang/Class; @ 44
Event: 131.409 Thread 0x000000001acd8800 Uncommon trap: reason=unhandled action=none pc=0x0000000002d88f54 method=java.net.URLClassLoader.findClass(Ljava/lang/String;)Ljava/lang/Class; @ 44
Event: 131.409 Thread 0x000000001acd8800 Uncommon trap: reason=unhandled action=none pc=0x0000000002d88f54 method=java.net.URLClassLoader.findClass(Ljava/lang/String;)Ljava/lang/Class; @ 44
Event: 131.411 Thread 0x000000001acd8800 Uncommon trap: reason=unhandled action=none pc=0x0000000002d88f54 method=java.net.URLClassLoader.findClass(Ljava/lang/String;)Ljava/lang/Class; @ 44
Event: 131.412 Thread 0x000000001acd8800 Uncommon trap: reason=unhandled action=none pc=0x0000000002d88f54 method=java.net.URLClassLoader.findClass(Ljava/lang/String;)Ljava/lang/Class; @ 44
Event: 131.414 Thread 0x000000001acd8800 Uncommon trap: reason=unhandled action=none pc=0x0000000002d88f54 method=java.net.URLClassLoader.findClass(Ljava/lang/String;)Ljava/lang/Class; @ 44
Event: 131.414 Thread 0x000000001acd8800 Uncommon trap: reason=unhandled action=none pc=0x0000000002d88f54 method=java.net.URLClassLoader.findClass(Ljava/lang/String;)Ljava/lang/Class; @ 44

Internal exceptions (10 events):
Event: 15.320 Thread 0x000000001acd8800 Exception <a 'java/lang/ClassNotFoundException': org/springframework/web/servlet/theme/FixedThemeResolverCustomizer> (0x00000000dd7b00d0) thrown at [C:\re\workspace\8-2-build-windows-amd64-cygwin\jdk8u91\7017\hotspot\src\share\vm\classfile\systemDictionaryBÏÏ»§.@
Event: 15.326 Thread 0x000000001acd8800 Exception <a 'java/lang/ClassNotFoundException': org/springframework/web/servlet/view/DefaultRequestToViewNameTranslatorBeanInfo> (0x00000000dd8491c0) thrown at [C:\re\workspace\8-2-build-windows-amd64-cygwin\jdk8u91\7017\hotspot\src\share\vm\classfile\sys´¯	Þ‡¨.@
Event: 15.329 Thread 0x000000001acd8800 Exception <a 'java/lang/ClassNotFoundException': org/springframework/web/servlet/view/DefaultRequestToViewNameTranslatorCustomizer> (0x00000000dd8619c0) thrown at [C:\re\workspace\8-2-build-windows-amd64-cygwin\jdk8u91\7017\hotspot\src\share\vm\classfile\s«ézè~¬.@
Event: 15.337 Thread 0x000000001acd8800 Exception <a 'java/lang/ClassNotFoundException': org/springframework/web/servlet/support/SessionFlashMapManagerBeanInfo> (0x00000000dd8d94c8) thrown at [C:\re\workspace\8-2-build-windows-amd64-cygwin\jdk8u91\7017\hotspot\src\share\vm\classfile\systemDictio¡{p¡­.@
Event: 15.339 Thread 0x000000001acd8800 Exception <a 'java/lang/ClassNotFoundException': org/springframework/web/servlet/support/AbstractFlashMapManagerBeanInfo> (0x00000000dd8efd70) thrown at [C:\re\workspace\8-2-build-windows-amd64-cygwin\jdk8u91\7017\hotspot\src\share\vm\classfile\systemDictiLÚÆ@×®.@
Event: 15.341 Thread 0x000000001acd8800 Exception <a 'java/lang/ClassNotFoundException': org/springframework/web/servlet/support/AbstractFlashMapManagerCustomizer> (0x00000000dd906a68) thrown at [C:\re\workspace\8-2-build-windows-amd64-cygwin\jdk8u91\7017\hotspot\src\share\vm\classfile\systemDic½ü`aÞ¯.@
Event: 15.343 Thread 0x000000001acd8800 Exception <a 'java/lang/ClassNotFoundException': org/springframework/web/servlet/support/SessionFlashMapManagerCustomizer> (0x00000000dd925440) thrown at [C:\re\workspace\8-2-build-windows-amd64-cygwin\jdk8u91\7017\hotspot\src\share\vm\classfile\systemDict¡òM‰ú17@
Event: 23.195 Thread 0x000000001acd8800 Exception <a 'java/lang/ArrayIndexOutOfBoundsException': 183> (0x00000000ddc9c280) thrown at [C:\re\workspace\8-2-build-windows-amd64-cygwin\jdk8u91\7017\hotspot\src\share\vm\interpreter\interpreterRuntime.cpp, line 366]
Event: 23.566 Thread 0x000000001acd8800 Exception <a 'java/lang/ArrayIndexOutOfBoundsException': 73> (0x00000000de851528) thrown at [C:\re\workspace\8-2-build-windows-amd64-cygwin\jdk8u91\7017\hotspot\src\share\vm\interpreter\interpreterRuntime.cpp, line 366]
Event: 131.417 Thread 0x000000001acd5800 Exception <a 'java/io/IOException'> (0x00000000deb4b818) thrown at [C:\re\workspace\8-2-build-windows-amd64-cygwin\jdk8u91\7017\hotspot\src\share\vm\prims\jni.cpp, line 709]

Events (10 events):
Event: 282.112 Thread 0x0000000017144000 flushing nmethod 0x000000000296fb90
Event: 282.115 Thread 0x0000000017144000 flushing nmethod 0x0000000002ab9150
Event: 282.115 Thread 0x0000000017144000 flushing nmethod 0x0000000002ad0210
Event: 282.115 Thread 0x0000000017144000 flushing nmethod 0x0000000002ad9e10
Event: 287.111 Executing VM operation: BulkRevokeBias
Event: 287.111 Executing VM operation: BulkRevokeBias done
Event: 295.446 Executing VM operation: RedefineClasses
Event: 295.489 Executing VM operation: RedefineClasses done
Event: 295.499 Executing VM operation: ChangeBreakpoints
Event: 295.501 Executing VM operation: ChangeBreakpoints done


Dynamic libraries:
0x00007ff614910000 - 0x00007ff614947000 	C:\Program Files\Java\jre1.8.0_91\bin\javaw.exe
0x00007ffa85390000 - 0x00007ffa8553d000 	C:\WINDOWS\SYSTEM32\ntdll.dll
0x00007ffa84c50000 - 0x00007ffa84d8a000 	C:\WINDOWS\system32\KERNEL32.DLL
0x00007ffa82940000 - 0x00007ffa82a55000 	C:\WINDOWS\system32\KERNELBASE.dll
0x00007ffa80930000 - 0x00007ffa809be000 	C:\WINDOWS\system32\apphelp.dll
0x00007ffa7a5d0000 - 0x00007ffa7a623000 	C:\WINDOWS\AppPatch\AppPatch64\AcGenral.DLL
0x00007ffa83370000 - 0x00007ffa83417000 	C:\WINDOWS\system32\msvcrt.dll
0x00007ffa82910000 - 0x00007ffa8293b000 	C:\WINDOWS\system32\SspiCli.dll
0x00007ffa84f80000 - 0x00007ffa84fd1000 	C:\WINDOWS\system32\SHLWAPI.dll
0x00007ffa831f0000 - 0x00007ffa83367000 	C:\WINDOWS\system32\USER32.dll
0x00007ffa83420000 - 0x00007ffa835b4000 	C:\WINDOWS\system32\ole32.dll
0x00007ffa835c0000 - 0x00007ffa84aea000 	C:\WINDOWS\system32\SHELL32.dll
0x00007ffa81e10000 - 0x00007ffa81e2e000 	C:\WINDOWS\SYSTEM32\USERENV.dll
0x00007ffa82b40000 - 0x00007ffa82bea000 	C:\WINDOWS\system32\ADVAPI32.dll
0x00007ffa75e70000 - 0x00007ffa75e8b000 	C:\WINDOWS\SYSTEM32\MPR.dll
0x00007ffa82d40000 - 0x00007ffa82e80000 	C:\WINDOWS\system32\RPCRT4.dll
0x00007ffa82a60000 - 0x00007ffa82ab9000 	C:\WINDOWS\SYSTEM32\sechost.dll
0x00007ffa850a0000 - 0x00007ffa852b1000 	C:\WINDOWS\SYSTEM32\combase.dll
0x00007ffa82bf0000 - 0x00007ffa82d40000 	C:\WINDOWS\system32\GDI32.dll
0x00007ffa82510000 - 0x00007ffa82524000 	C:\WINDOWS\SYSTEM32\profapi.dll
0x00007ffa80e30000 - 0x00007ffa80ee2000 	C:\WINDOWS\SYSTEM32\SHCORE.dll
0x00007ffa85000000 - 0x00007ffa85034000 	C:\WINDOWS\system32\IMM32.DLL
0x00007ffa82e80000 - 0x00007ffa82fd2000 	C:\WINDOWS\system32\MSCTF.dll
0x00007ffa809c0000 - 0x00007ffa80c3b000 	C:\WINDOWS\WinSxS\amd64_microsoft.windows.common-controls_6595b64144ccf1df_6.0.9600.18006_none_623f33d3ecbe86e8\COMCTL32.dll
0x00007ffa7ef90000 - 0x00007ffa7efc0000 	C:\WINDOWS\SYSTEM32\ntmarta.dll
0x0000000064040000 - 0x0000000064112000 	C:\Program Files\Java\jre1.8.0_91\bin\msvcr100.dll
0x0000000068eb0000 - 0x0000000069743000 	C:\Program Files\Java\jre1.8.0_91\bin\server\jvm.dll
0x00007ffa72810000 - 0x00007ffa72819000 	C:\WINDOWS\SYSTEM32\WSOCK32.dll
0x00007ffa7e570000 - 0x00007ffa7e58f000 	C:\WINDOWS\SYSTEM32\WINMM.dll
0x00007ffa79720000 - 0x00007ffa7972a000 	C:\WINDOWS\SYSTEM32\VERSION.dll
0x00007ffa84af0000 - 0x00007ffa84af7000 	C:\WINDOWS\system32\PSAPI.DLL
0x00007ffa85040000 - 0x00007ffa85098000 	C:\WINDOWS\system32\WS2_32.dll
0x00007ffa7e540000 - 0x00007ffa7e56a000 	C:\WINDOWS\SYSTEM32\WINMMBASE.dll
0x00007ffa82b30000 - 0x00007ffa82b39000 	C:\WINDOWS\system32\NSI.dll
0x00007ffa827c0000 - 0x00007ffa8280a000 	C:\WINDOWS\SYSTEM32\cfgmgr32.dll
0x00007ffa81380000 - 0x00007ffa813a6000 	C:\WINDOWS\SYSTEM32\DEVOBJ.dll
0x0000000068ea0000 - 0x0000000068eaf000 	C:\Program Files\Java\jre1.8.0_91\bin\verify.dll
0x0000000068e70000 - 0x0000000068e99000 	C:\Program Files\Java\jre1.8.0_91\bin\java.dll
0x0000000068d70000 - 0x0000000068da5000 	C:\Program Files\Java\jre1.8.0_91\bin\jdwp.dll
0x000000006b4e0000 - 0x000000006b4e8000 	C:\Program Files\Java\jre1.8.0_91\bin\npt.dll
0x0000000068db0000 - 0x0000000068dc6000 	C:\Program Files\Java\jre1.8.0_91\bin\zip.dll
0x000000006aec0000 - 0x000000006aec9000 	C:\Program Files\Java\jre1.8.0_91\bin\dt_socket.dll
0x00007ffa76210000 - 0x00007ffa76224000 	C:\WINDOWS\system32\napinsp.dll
0x00007ffa761f0000 - 0x00007ffa76209000 	C:\WINDOWS\system32\pnrpnsp.dll
0x00007ffa7e320000 - 0x00007ffa7e33b000 	C:\WINDOWS\system32\NLAapi.dll
0x00007ffa81f40000 - 0x00007ffa81f98000 	C:\WINDOWS\System32\mswsock.dll
0x00007ffa81c00000 - 0x00007ffa81ca4000 	C:\WINDOWS\SYSTEM32\DNSAPI.dll
0x00007ffa761e0000 - 0x00007ffa761ec000 	C:\WINDOWS\System32\winrnr.dll
0x00007ffa761c0000 - 0x00007ffa761d3000 	C:\WINDOWS\system32\wshbth.dll
0x00007ffa7c330000 - 0x00007ffa7c39b000 	C:\WINDOWS\System32\fwpuclnt.dll
0x00007ffa76150000 - 0x00007ffa76159000 	C:\Windows\System32\rasadhlp.dll
0x000000006a3a0000 - 0x000000006a3ad000 	C:\Program Files\Java\jre1.8.0_91\bin\management.dll
0x0000000068cd0000 - 0x0000000068cea000 	C:\Program Files\Java\jre1.8.0_91\bin\net.dll
0x0000000068b60000 - 0x0000000068b71000 	C:\Program Files\Java\jre1.8.0_91\bin\nio.dll
0x00007ffa7c770000 - 0x00007ffa7c79a000 	C:\WINDOWS\SYSTEM32\IPHLPAPI.DLL
0x00007ffa7c750000 - 0x00007ffa7c75a000 	C:\WINDOWS\SYSTEM32\WINNSI.DLL
0x00007ffa81fa0000 - 0x00007ffa81fbe000 	C:\WINDOWS\SYSTEM32\CRYPTSP.dll
0x00007ffa818f0000 - 0x00007ffa81926000 	C:\WINDOWS\system32\rsaenh.dll
0x00007ffa820a0000 - 0x00007ffa820c6000 	C:\WINDOWS\SYSTEM32\bcrypt.dll
0x00007ffa823e0000 - 0x00007ffa82443000 	C:\WINDOWS\system32\bcryptprimitives.dll
0x00007ffa82450000 - 0x00007ffa8245a000 	C:\WINDOWS\SYSTEM32\CRYPTBASE.dll
0x00007ffa7c1c0000 - 0x00007ffa7c1d4000 	C:\WINDOWS\SYSTEM32\dhcpcsvc6.DLL
0x00007ffa7c400000 - 0x00007ffa7c419000 	C:\WINDOWS\SYSTEM32\dhcpcsvc.DLL
0x00007ffa75af0000 - 0x00007ffa75c79000 	C:\WINDOWS\SYSTEM32\dbghelp.dll

VM Arguments:
jvm_args: -agentlib:jdwp=transport=dt_socket,suspend=y,address=localhost:64112 -Dcom.sun.management.jmxremote -Dcom.sun.management.jmxremote.port=64111 -Dcom.sun.management.jmxremote.authenticate=false -Dcom.sun.management.jmxremote.ssl=false -Dspring.liveBeansView.mbeanDomain -Dspring.application.admin.enabled=true -Dfile.encoding=UTF-8 
java_command: org.mockservice.controller.MockupServiceApplication --spring.output.ansi.enabled=always
java_class_path (initial): C:\Users\ckuninty\Documents\workspace-sts-3.7.3.RELEASE\MockupService\target\classes;C:\Users\ckuninty\.m2\repository\org\springframework\boot\spring-boot-starter-web\1.2.8.RELEASE\spring-boot-starter-web-1.2.8.RELEASE.jar;C:\Users\ckuninty\.m2\repository\org\springframework\boot\spring-boot-starter\1.2.8.RELEASE\spring-boot-starter-1.2.8.RELEASE.jar;C:\Users\ckuninty\.m2\repository\org\springframework\boot\spring-boot\1.2.8.RELEASE\spring-boot-1.2.8.RELEASE.jar;C:\Users\ckuninty\.m2\repository\org\springframework\boot\spring-boot-autoconfigure\1.2.8.RELEASE\spring-boot-autoconfigure-1.2.8.RELEASE.jar;C:\Users\ckuninty\.m2\repository\org\springframework\boot\spring-boot-starter-logging\1.2.8.RELEASE\spring-boot-starter-logging-1.2.8.RELEASE.jar;C:\Users\ckuninty\.m2\repository\org\slf4j\jul-to-slf4j\1.7.13\jul-to-slf4j-1.7.13.jar;C:\Users\ckuninty\.m2\repository\org\slf4j\log4j-over-slf4j\1.7.13\log4j-over-slf4j-1.7.13.jar;C:\Users\ckuninty\.m2\repository\ch\qos\logback\logback-classic\1.1.3\logback-classic-1.1.3.jar;C:\Users\ckuninty\.m2\repository\ch\qos\logback\logback-core\1.1.3\logback-core-1.1.3.jar;C:\Users\ckuninty\.m2\repository\org\yaml\snakeyaml\1.14\snakeyaml-1.14.jar;C:\Users\ckuninty\.m2\repository\org\springframework\boot\spring-boot-starter-tomcat\1.2.8.RELEASE\spring-boot-starter-tomcat-1.2.8.RELEASE.jar;C:\Users\ckuninty\.m2\repository\org\apache\tomcat\embed\tomcat-embed-core\8.0.30\tomcat-embed-core-8.0.30.jar;C:\Users\ckuninty\.m2\repository\org\apache\tomcat\embed\tomcat-embed-el\8.0.30\tomcat-embed-el-8.0.30.jar;C:\Users\ckuninty\.m2\repository\org\apache\tomcat\embed\tomcat-embed-logging-juli\8.0.30\tomcat-embed-logging-juli-8.0.30.jar;C:\Users\ckuninty\.m2\repository\org\apache\tomcat\embed\tomcat-embed-websocket\8.0.30\tomcat-embed-websocket-8.0.30.jar;C:\Users\ckuninty\.m2\repository\com\fasterxml\jackson\core\jackson-databind\2.4.6\jackson-databind-2.4.6.jar;C:\Users\ckuninty\.m2\repository\com\fasterxml\jacks
Launcher Type: SUN_STANDARD

Environment Variables:
JAVA_HOME=C:\Program Files\Java\jdk1.8.0_91
PATH=C:/Program Files/Java/jre1.8.0_91/bin/server;C:/Program Files/Java/jre1.8.0_91/bin;C:/Program Files/Java/jre1.8.0_91/lib/amd64;C:\oraclexe\app\oracle\product\11.2.0\server\bin;;C:\ProgramData\Oracle\Java\javapath;C:\WINDOWS\system32;C:\WINDOWS;C:\WINDOWS\System32\Wbem;C:\Program Files (x86)\Intel\iCLS Client\;C:\Program Files\Intel\iCLS Client\;C:\WINDOWS\system32;C:\WINDOWS;C:\WINDOWS\System32\Wbem;C:\WINDOWS\System32\WindowsPowerShell\v1.0\;C:\Program Files (x86)\Common Files\Roxio Shared\10.0\DLLShared\;C:\Program Files (x86)\Common Files\Roxio Shared\DLLShared\;C:\Program Files (x86)\Common Files\Roxio Shared\DLLShared\;C:\Program Files (x86)\Common Files\Roxio Shared\10.0\DLLShared\;C:\Program Files\Intel\Intel(R) Management Engine Components\DAL;C:\Program Files\Intel\Intel(R) Management Engine Components\IPT;C:\Program Files (x86)\Intel\Intel(R) Management Engine Components\DAL;C:\Program Files (x86)\Intel\Intel(R) Management Engine Components\IPT;C:\Program Files\TortoiseGit\bin;C:\sonar\sonar-runner-2.4\bin;C:\sonar\sonarqube-4.3\bin;C:\Program Files\Java\jdk1.8.0_91\bin;C:\Program Files (x86)\Skype\Phone\;C:\Program Files (x86)\MySQL\MySQL Fabric 1.5 & MySQL Utilities 1.5\;C:\Program Files (x86)\MySQL\MySQL Fabric 1.5 & MySQL Utilities 1.5\Doctrine extensions for PHP\;C:\Tools and Softwares\spring-tool-suite-3.7.3.RELEASE-e4.6-win32-x86_64\sts-bundle\sts-3.7.3.RELEASE;
USERNAME=ckuninty
OS=Windows_NT
PROCESSOR_IDENTIFIER=Intel64 Family 6 Model 69 Stepping 1, GenuineIntel



---------------  S Y S T E M  ---------------

OS: Windows 8.1 , 64 bit Build 9600 (6.3.9600.17056)

CPU:total 4 (2 cores per cpu, 2 threads per core) family 6 model 69 stepping 1, cmov, cx8, fxsr, mmx, sse, sse2, sse3, ssse3, sse4.1, sse4.2, popcnt, avx, avx2, aes, clmul, erms, lzcnt, ht, tsc, tscinvbit, bmi1, bmi2

Memory: 4k page, physical 8291836k(2026856k free), swap 9602556k(2076688k free)

vm_info: Java HotSpot(TM) 64-Bit Server VM (25.91-b15) for windows-amd64 JRE (1.8.0_91-b15), built on May 20 2016 17:43:15 by "java_re" with MS VC++ 10.0 (VS2010)

time: Mon Jun 27 18:03:37 2016
elapsed time: 295 seconds (0d 0h 4m 55s)

